<?xml version="1.0" encoding="UTF-8"?>
<testsuite xmlns:xsi="http://www.w3.org/2001/XMLSchema-instance" xsi:noNamespaceSchemaLocation="https://maven.apache.org/surefire/maven-surefire-plugin/xsd/surefire-test-report.xsd" version="3.0.2" name="com.project.ProjectApplicationTests" time="5.927" tests="1" errors="0" skipped="0" failures="0">
  <properties>
[...]
</properties>
  <testcase name="contextLoads" classname="com.project.ProjectApplicationTests" time="0.323">
    <system-out><![CDATA[15:31:18.811 [main] INFO org.springframework.test.context.support.AnnotationConfigContextLoaderUtils -- Could not detect default configuration classes for test class [com.project.ProjectApplicationTests]: ProjectApplicationTests does not declare any static, non-private, non-final, nested classes annotated with @Configuration.
15:31:18.899 [main] INFO org.springframework.boot.test.context.SpringBootTestContextBootstrapper -- Found @SpringBootConfiguration com.project.ProjectApplication for test class com.project.ProjectApplicationTests

  .   ____          _            __ _ _
 /\\ / ___'_ __ _ _(_)_ __  __ _ \ \ \ \
( ( )\___ | '_ | '_| | '_ \/ _` | \ \ \ \
 \\/  ___)| |_)| | | | | || (_| |  ) ) ) )
  '  |____| .__|_| |_|_| |_\__, | / / / /
 =========|_|==============|___/=/_/_/_/

 :: Spring Boot ::                (v3.5.0)

2025-10-03T15:31:19.247+01:00  INFO 5697 --- [           main] com.project.ProjectApplicationTests      : Starting ProjectApplicationTests using Java 17.0.12 with PID 5697 (started by oharouach in /Users/oharouach/Desktop/initiatives/project)
2025-10-03T15:31:19.248+01:00  INFO 5697 --- [           main] com.project.ProjectApplicationTests      : No active profile set, falling back to 1 default profile: "default"
2025-10-03T15:31:19.854+01:00  INFO 5697 --- [           main] .s.d.r.c.RepositoryConfigurationDelegate : Bootstrapping Spring Data JPA repositories in DEFAULT mode.
2025-10-03T15:31:19.935+01:00  INFO 5697 --- [           main] .s.d.r.c.RepositoryConfigurationDelegate : Finished Spring Data repository scanning in 75 ms. Found 14 JPA repository interfaces.
2025-10-03T15:31:20.280+01:00  INFO 5697 --- [           main] o.hibernate.jpa.internal.util.LogHelper  : HHH000204: Processing PersistenceUnitInfo [name: default]
2025-10-03T15:31:20.310+01:00  INFO 5697 --- [           main] org.hibernate.Version                    : HHH000412: Hibernate ORM core version 6.6.15.Final
2025-10-03T15:31:20.327+01:00  INFO 5697 --- [           main] o.h.c.internal.RegionFactoryInitiator    : HHH000026: Second-level cache disabled
2025-10-03T15:31:20.475+01:00  INFO 5697 --- [           main] o.s.o.j.p.SpringPersistenceUnitInfo      : No LoadTimeWeaver setup: ignoring JPA class transformer
2025-10-03T15:31:20.489+01:00  INFO 5697 --- [           main] com.zaxxer.hikari.HikariDataSource       : HikariPool-1 - Starting...
2025-10-03T15:31:20.594+01:00  INFO 5697 --- [           main] com.zaxxer.hikari.pool.HikariPool        : HikariPool-1 - Added connection conn0: url=jdbc:h2:mem:testdb user=SA
2025-10-03T15:31:20.595+01:00  INFO 5697 --- [           main] com.zaxxer.hikari.HikariDataSource       : HikariPool-1 - Start completed.
2025-10-03T15:31:20.630+01:00  INFO 5697 --- [           main] org.hibernate.orm.connections.pooling    : HHH10001005: Database info:
	Database JDBC URL [Connecting through datasource 'HikariDataSource (HikariPool-1)']
	Database driver: undefined/unknown
	Database version: 2.3.232
	Autocommit mode: undefined/unknown
	Isolation level: undefined/unknown
	Minimum pool size: undefined/unknown
	Maximum pool size: undefined/unknown
2025-10-03T15:31:21.246+01:00  INFO 5697 --- [           main] o.h.e.t.j.p.i.JtaPlatformInitiator       : HHH000489: No JTA platform available (set 'hibernate.transaction.jta.platform' to enable JTA platform integration)
2025-10-03T15:31:21.289+01:00  INFO 5697 --- [           main] j.LocalContainerEntityManagerFactoryBean : Initialized JPA EntityManagerFactory for persistence unit 'default'
2025-10-03T15:31:21.509+01:00  INFO 5697 --- [           main] o.s.d.j.r.query.QueryEnhancerFactory     : Hibernate is in classpath; If applicable, HQL parser will be used.
2025-10-03T15:31:23.071+01:00  WARN 5697 --- [           main] JpaBaseConfiguration$JpaWebConfiguration : spring.jpa.open-in-view is enabled by default. Therefore, database queries may be performed during view rendering. Explicitly configure spring.jpa.open-in-view to disable this warning
2025-10-03T15:31:23.309+01:00  INFO 5697 --- [           main] o.s.b.a.e.web.EndpointLinksResolver      : Exposing 1 endpoint beneath base path '/actuator'
2025-10-03T15:31:23.333+01:00  INFO 5697 --- [           main] r$InitializeUserDetailsManagerConfigurer : Global AuthenticationManager configured with UserDetailsService bean with name myUserDetailsService
2025-10-03T15:31:23.700+01:00  INFO 5697 --- [           main] o.s.m.s.b.SimpleBrokerMessageHandler     : Starting...
2025-10-03T15:31:23.701+01:00  INFO 5697 --- [           main] o.s.m.s.b.SimpleBrokerMessageHandler     : BrokerAvailabilityEvent[available=true, SimpleBrokerMessageHandler [org.springframework.messaging.simp.broker.DefaultSubscriptionRegistry@4d7cdb6]]
2025-10-03T15:31:23.701+01:00  INFO 5697 --- [           main] o.s.m.s.b.SimpleBrokerMessageHandler     : Started.
2025-10-03T15:31:23.710+01:00  INFO 5697 --- [           main] com.project.ProjectApplicationTests      : Started ProjectApplicationTests in 4.629 seconds (process running for 5.316)
]]></system-out>
  </testcase>
</testsuite>